0 info it worked if it ends with ok
1 verbose cli [ 'C:\\Program Files (x86)\\nodejs\\\\node.exe',
1 verbose cli   'C:\\Program Files (x86)\\nodejs\\node_modules\\npm\\bin\\npm-cli.js',
1 verbose cli   'install',
1 verbose cli   'socket.io@1.0',
1 verbose cli   '/m' ]
2 info using npm@1.4.28
3 info using node@v0.10.32
4 verbose node symlink C:\Program Files (x86)\nodejs\\node.exe
5 verbose readDependencies using package.json deps
6 verbose cache add [ 'socket.io@1.0', null ]
7 verbose cache add name=undefined spec="socket.io@1.0" args=["socket.io@1.0",null]
8 verbose parsed url { protocol: null,
8 verbose parsed url   slashes: null,
8 verbose parsed url   auth: null,
8 verbose parsed url   host: null,
8 verbose parsed url   port: null,
8 verbose parsed url   hostname: null,
8 verbose parsed url   hash: null,
8 verbose parsed url   search: null,
8 verbose parsed url   query: null,
8 verbose parsed url   pathname: 'socket.io@1.0',
8 verbose parsed url   path: 'socket.io@1.0',
8 verbose parsed url   href: 'socket.io@1.0' }
9 verbose cache add [ '/m', null ]
10 verbose cache add name=undefined spec="/m" args=["/m",null]
11 verbose parsed url { protocol: null,
11 verbose parsed url   slashes: null,
11 verbose parsed url   auth: null,
11 verbose parsed url   host: null,
11 verbose parsed url   port: null,
11 verbose parsed url   hostname: null,
11 verbose parsed url   hash: null,
11 verbose parsed url   search: null,
11 verbose parsed url   query: null,
11 verbose parsed url   pathname: '/m',
11 verbose parsed url   path: '/m',
11 verbose parsed url   href: '/m' }
12 verbose cache add name="socket.io" spec="1.0" args=["socket.io","1.0"]
13 verbose parsed url { protocol: null,
13 verbose parsed url   slashes: null,
13 verbose parsed url   auth: null,
13 verbose parsed url   host: null,
13 verbose parsed url   port: null,
13 verbose parsed url   hostname: null,
13 verbose parsed url   hash: null,
13 verbose parsed url   search: null,
13 verbose parsed url   query: null,
13 verbose parsed url   pathname: '1.0',
13 verbose parsed url   path: '1.0',
13 verbose parsed url   href: '1.0' }
14 verbose addNamed [ 'socket.io', '1.0' ]
15 verbose addNamed [ null, '>=1.0.0-0 <1.1.0-0' ]
16 silly lockFile 42957f52-socket-io-1-0 socket.io@1.0
17 verbose lock socket.io@1.0 C:\Users\Gaspar\AppData\Roaming\npm-cache\42957f52-socket-io-1-0.lock
18 silly lockFile 2231ee4a-m /m
19 verbose lock /m C:\Users\Gaspar\AppData\Roaming\npm-cache\2231ee4a-m.lock
20 silly addNameRange { name: 'socket.io',
20 silly addNameRange   range: '>=1.0.0-0 <1.1.0-0',
20 silly addNameRange   hasData: false }
21 info maybeGithub Attempting /m from git://github.com//m
22 silly lockFile b1a4bfb0-git-github-com-m git://github.com//m
23 verbose lock git://github.com//m C:\Users\Gaspar\AppData\Roaming\npm-cache\b1a4bfb0-git-github-com-m.lock
24 verbose request where is /socket.io
25 verbose request registry https://registry.npmjs.org/
26 verbose request id be4c3aa345c7da51
27 verbose url raw /socket.io
28 verbose url resolving [ 'https://registry.npmjs.org/', './socket.io' ]
29 verbose url resolved https://registry.npmjs.org/socket.io
30 verbose request where is https://registry.npmjs.org/socket.io
31 info trying registry request attempt 1 at 21:36:04
32 verbose etag "4Q2NZYLBBNCB32U4GJTGULRH3"
33 http GET https://registry.npmjs.org/socket.io
34 verbose addRemoteGit [ 'git://github.com//m', 'master' ]
35 http 304 https://registry.npmjs.org/socket.io
36 silly registry.get cb [ 304,
36 silly registry.get   { date: 'Wed, 11 Feb 2015 02:36:04 GMT',
36 silly registry.get     server: 'Apache',
36 silly registry.get     via: '1.1 varnish',
36 silly registry.get     'last-modified': 'Wed, 11 Feb 2015 02:35:41 GMT',
36 silly registry.get     'cache-control': 'max-age=60',
36 silly registry.get     etag: '"4Q2NZYLBBNCB32U4GJTGULRH3"',
36 silly registry.get     age: '35',
36 silly registry.get     'x-served-by': 'cache-jfk1031-JFK',
36 silly registry.get     'x-cache': 'HIT',
36 silly registry.get     'x-cache-hits': '2',
36 silly registry.get     'x-timer': 'S1423622164.058786,VS0,VE0',
36 silly registry.get     vary: 'Accept',
36 silly registry.get     'content-length': '0',
36 silly registry.get     'keep-alive': 'timeout=10, max=50',
36 silly registry.get     connection: 'Keep-Alive' } ]
37 verbose etag https://registry.npmjs.org/socket.io from cache
38 silly addNameRange number 2 { name: 'socket.io', range: '>=1.0.0-0 <1.1.0-0', hasData: true }
39 silly addNameRange versions [ 'socket.io',
39 silly addNameRange   [ '0.3.8',
39 silly addNameRange     '0.4.0',
39 silly addNameRange     '0.4.1',
39 silly addNameRange     '0.5.1',
39 silly addNameRange     '0.5.3',
39 silly addNameRange     '0.6.0',
39 silly addNameRange     '0.6.1',
39 silly addNameRange     '0.6.3',
39 silly addNameRange     '0.6.4',
39 silly addNameRange     '0.6.5',
39 silly addNameRange     '0.6.6',
39 silly addNameRange     '0.6.7',
39 silly addNameRange     '0.6.8',
39 silly addNameRange     '0.6.9',
39 silly addNameRange     '0.6.10',
39 silly addNameRange     '0.6.11',
39 silly addNameRange     '0.6.12',
39 silly addNameRange     '0.6.14',
39 silly addNameRange     '0.6.15',
39 silly addNameRange     '0.6.16',
39 silly addNameRange     '0.6.17',
39 silly addNameRange     '0.6.18',
39 silly addNameRange     '0.7.0',
39 silly addNameRange     '0.7.1',
39 silly addNameRange     '0.7.2',
39 silly addNameRange     '0.7.3',
39 silly addNameRange     '0.7.4',
39 silly addNameRange     '0.7.5',
39 silly addNameRange     '0.7.6',
39 silly addNameRange     '0.7.7',
39 silly addNameRange     '0.7.8',
39 silly addNameRange     '0.7.9',
39 silly addNameRange     '0.7.10',
39 silly addNameRange     '0.7.11',
39 silly addNameRange     '0.8.0',
39 silly addNameRange     '0.8.1',
39 silly addNameRange     '0.8.2',
39 silly addNameRange     '0.8.3',
39 silly addNameRange     '0.8.4',
39 silly addNameRange     '0.8.5',
39 silly addNameRange     '0.8.6',
39 silly addNameRange     '0.8.7',
39 silly addNameRange     '0.9.0',
39 silly addNameRange     '0.9.1',
39 silly addNameRange     '0.9.1-1',
39 silly addNameRange     '0.9.2',
39 silly addNameRange     '0.9.3',
39 silly addNameRange     '0.9.4',
39 silly addNameRange     '0.9.5',
39 silly addNameRange     '0.9.6',
39 silly addNameRange     '0.9.7',
39 silly addNameRange     '0.9.8',
39 silly addNameRange     '0.9.9',
39 silly addNameRange     '0.9.10',
39 silly addNameRange     '0.9.11',
39 silly addNameRange     '0.9.12',
39 silly addNameRange     '0.9.13',
39 silly addNameRange     '0.9.14',
39 silly addNameRange     '0.9.15',
39 silly addNameRange     '0.9.16',
39 silly addNameRange     '1.0.0-pre',
39 silly addNameRange     '1.0.0-pre2',
39 silly addNameRange     '1.0.0-pre3',
39 silly addNameRange     '1.0.0-pre4',
39 silly addNameRange     '1.0.0-pre5',
39 silly addNameRange     '0.9.17',
39 silly addNameRange     '1.0.0',
39 silly addNameRange     '1.0.1',
39 silly addNameRange     '1.0.2',
39 silly addNameRange     '1.0.3',
39 silly addNameRange     '1.0.4',
39 silly addNameRange     '1.0.5',
39 silly addNameRange     '1.0.6',
39 silly addNameRange     '1.1.0',
39 silly addNameRange     '1.2.0',
39 silly addNameRange     '1.2.1',
39 silly addNameRange     '1.3.0',
39 silly addNameRange     '1.3.1',
39 silly addNameRange     '1.3.2',
39 silly addNameRange     '1.3.3' ] ]
40 verbose addNamed [ 'socket.io', '1.0.6' ]
41 verbose addNamed [ '1.0.6', '1.0.6' ]
42 silly lockFile aba41880-socket-io-1-0-6 socket.io@1.0.6
43 verbose lock socket.io@1.0.6 C:\Users\Gaspar\AppData\Roaming\npm-cache\aba41880-socket-io-1-0-6.lock
44 silly lockFile aba41880-socket-io-1-0-6 socket.io@1.0.6
45 silly lockFile aba41880-socket-io-1-0-6 socket.io@1.0.6
46 silly lockFile 42957f52-socket-io-1-0 socket.io@1.0
47 silly lockFile 42957f52-socket-io-1-0 socket.io@1.0
48 verbose git clone git://github.com//m Cloning into bare repository 'C:\Users\Gaspar\AppData\Roaming\npm-cache\_git-remotes\git-github-com-m-b1a4bfb0'...
48 verbose git clone git://github.com//m fatal: remote error:
48 verbose git clone git://github.com//m   Repository not found.
49 silly lockFile b1a4bfb0-git-github-com-m git://github.com//m
50 silly lockFile b1a4bfb0-git-github-com-m git://github.com//m
51 info maybeGithub Attempting /m from git+ssh://git@github.com:/m
52 silly lockFile 09cb62e5-ssh-git-github-com-m ssh://git@github.com:/m
53 verbose lock ssh://git@github.com:/m C:\Users\Gaspar\AppData\Roaming\npm-cache\09cb62e5-ssh-git-github-com-m.lock
54 verbose addRemoteGit [ 'ssh://git@github.com:/m', 'master' ]
55 error git clone ssh://git@github.com:/m Cloning into bare repository 'C:\Users\Gaspar\AppData\Roaming\npm-cache\_git-remotes\ssh-git-github-com-m-09cb62e5'...
55 error git clone ssh://git@github.com:/m ERROR: Repository not found.
55 error git clone ssh://git@github.com:/m fatal: Could not read from remote repository.
55 error git clone ssh://git@github.com:/m
55 error git clone ssh://git@github.com:/m Please make sure you have the correct access rights
55 error git clone ssh://git@github.com:/m and the repository exists.
56 silly lockFile 09cb62e5-ssh-git-github-com-m ssh://git@github.com:/m
57 silly lockFile 09cb62e5-ssh-git-github-com-m ssh://git@github.com:/m
58 silly lockFile 2231ee4a-m /m
59 silly lockFile 2231ee4a-m /m
60 error addLocal Could not install /m
61 error Error: ENOENT, stat 'C:\m'
62 error If you need help, you may report this *entire* log,
62 error including the npm and node versions, at:
62 error     <http://github.com/npm/npm/issues>
63 error System Windows_NT 6.2.9200
64 error command "C:\\Program Files (x86)\\nodejs\\\\node.exe" "C:\\Program Files (x86)\\nodejs\\node_modules\\npm\\bin\\npm-cli.js" "install" "socket.io@1.0" "/m"
65 error cwd C:\xampp\htdocs\nodejs\programando-la\chat-translator
66 error node -v v0.10.32
67 error npm -v 1.4.28
68 error path C:\m
69 error code ENOENT
70 error errno 34
71 verbose exit [ 34, true ]
